20:11:16.704 INFO  o.s.w.s.c.WebSocketMessageBrokerStats - WebSocketSession[0 current WS(0)-HttpStream(0)-HttpPoll(0), 0 total, 0 closed abnormally (0 connect failure, 0 send limit, 0 transport error)], stompSubProtocol[processed CONNECT(0)-CONNECTED(0)-DISCONNECT(0)], stompBrokerRelay[null], inboundChannel[pool size = 0, active threads = 0, queued tasks = 0, completed tasks = 0], outboundChannel[pool size = 0, active threads = 0, queued tasks = 0, completed tasks = 0], sockJsScheduler[pool size = 2, active threads = 1, queued tasks = 0, completed tasks = 1]
20:41:16.708 INFO  o.s.w.s.c.WebSocketMessageBrokerStats - WebSocketSession[0 current WS(0)-HttpStream(0)-HttpPoll(0), 0 total, 0 closed abnormally (0 connect failure, 0 send limit, 0 transport error)], stompSubProtocol[processed CONNECT(0)-CONNECTED(0)-DISCONNECT(0)], stompBrokerRelay[null], inboundChannel[pool size = 0, active threads = 0, queued tasks = 0, completed tasks = 0], outboundChannel[pool size = 0, active threads = 0, queued tasks = 0, completed tasks = 0], sockJsScheduler[pool size = 3, active threads = 1, queued tasks = 0, completed tasks = 2]
21:11:16.711 INFO  o.s.w.s.c.WebSocketMessageBrokerStats - WebSocketSession[0 current WS(0)-HttpStream(0)-HttpPoll(0), 0 total, 0 closed abnormally (0 connect failure, 0 send limit, 0 transport error)], stompSubProtocol[processed CONNECT(0)-CONNECTED(0)-DISCONNECT(0)], stompBrokerRelay[null], inboundChannel[pool size = 0, active threads = 0, queued tasks = 0, completed tasks = 0], outboundChannel[pool size = 0, active threads = 0, queued tasks = 0, completed tasks = 0], sockJsScheduler[pool size = 4, active threads = 1, queued tasks = 0, completed tasks = 3]
21:17:14.256 INFO  o.s.m.s.b.SimpleBrokerMessageHandler - Stopping...
21:17:14.257 INFO  o.s.m.s.b.SimpleBrokerMessageHandler - BrokerAvailabilityEvent[available=false, SimpleBrokerMessageHandler [org.springframework.messaging.simp.broker.DefaultSubscriptionRegistry@1331d6fd]]
21:17:14.257 INFO  o.s.m.s.b.SimpleBrokerMessageHandler - Stopped.
21:17:14.479 INFO  o.s.o.j.LocalContainerEntityManagerFactoryBean - Closing JPA EntityManagerFactory for persistence unit 'default'
21:17:14.489 INFO  com.zaxxer.hikari.HikariDataSource - HikariPool-1 - Shutdown initiated...
21:17:14.511 INFO  com.zaxxer.hikari.HikariDataSource - HikariPool-1 - Shutdown completed.
21:19:15.438 INFO  com.sparta.mulmul.MulmulApplication - Starting MulmulApplication using Java 1.8.0_322 on DESKTOP-5C6TMC3 with PID 69512 (C:\Users\korea\OneDrive\바탕 화면\moolmool_BE\build\classes\java\main started by korea in C:\Users\korea\OneDrive\바탕 화면\moolmool_BE)
21:19:15.443 INFO  com.sparta.mulmul.MulmulApplication - No active profile set, falling back to 1 default profile: "default"
21:19:17.275 INFO  o.s.d.r.c.RepositoryConfigurationDelegate - Bootstrapping Spring Data JPA repositories in DEFAULT mode.
21:19:17.725 INFO  o.s.d.r.c.RepositoryConfigurationDelegate - Finished Spring Data repository scanning in 438 ms. Found 13 JPA repository interfaces.
21:19:18.043 WARN  com.amazonaws.util.EC2MetadataUtils - Unable to retrieve the requested metadata (/latest/meta-data/instance-id). EC2 Instance Metadata Service is disabled
com.amazonaws.AmazonClientException: EC2 Instance Metadata Service is disabled
	at com.amazonaws.internal.InstanceMetadataServiceResourceFetcher.readResource(InstanceMetadataServiceResourceFetcher.java:65)
	at com.amazonaws.internal.EC2ResourceFetcher.readResource(EC2ResourceFetcher.java:66)
	at com.amazonaws.util.EC2MetadataUtils.getItems(EC2MetadataUtils.java:402)
	at com.amazonaws.util.EC2MetadataUtils.getData(EC2MetadataUtils.java:371)
	at org.springframework.cloud.aws.context.support.env.AwsCloudEnvironmentCheckUtils.isRunningOnCloudEnvironment(AwsCloudEnvironmentCheckUtils.java:38)
	at org.springframework.cloud.aws.context.annotation.OnAwsCloudEnvironmentCondition.matches(OnAwsCloudEnvironmentCondition.java:38)
	at org.springframework.context.annotation.ConditionEvaluator.shouldSkip(ConditionEvaluator.java:108)
	at org.springframework.context.annotation.ConfigurationClassBeanDefinitionReader$TrackedConditionEvaluator.shouldSkip(ConfigurationClassBeanDefinitionReader.java:489)
	at org.springframework.context.annotation.ConfigurationClassBeanDefinitionReader.loadBeanDefinitionsForConfigurationClass(ConfigurationClassBeanDefinitionReader.java:140)
	at org.springframework.context.annotation.ConfigurationClassBeanDefinitionReader.loadBeanDefinitions(ConfigurationClassBeanDefinitionReader.java:129)
	at org.springframework.context.annotation.ConfigurationClassPostProcessor.processConfigBeanDefinitions(ConfigurationClassPostProcessor.java:343)
	at org.springframework.context.annotation.ConfigurationClassPostProcessor.postProcessBeanDefinitionRegistry(ConfigurationClassPostProcessor.java:247)
	at org.springframework.context.support.PostProcessorRegistrationDelegate.invokeBeanDefinitionRegistryPostProcessors(PostProcessorRegistrationDelegate.java:311)
	at org.springframework.context.support.PostProcessorRegistrationDelegate.invokeBeanFactoryPostProcessors(PostProcessorRegistrationDelegate.java:112)
	at org.springframework.context.support.AbstractApplicationContext.invokeBeanFactoryPostProcessors(AbstractApplicationContext.java:746)
	at org.springframework.context.support.AbstractApplicationContext.refresh(AbstractApplicationContext.java:564)
	at org.springframework.boot.web.servlet.context.ServletWebServerApplicationContext.refresh(ServletWebServerApplicationContext.java:145)
	at org.springframework.boot.SpringApplication.refresh(SpringApplication.java:740)
	at org.springframework.boot.SpringApplication.refreshContext(SpringApplication.java:415)
	at org.springframework.boot.SpringApplication.run(SpringApplication.java:303)
	at org.springframework.boot.builder.SpringApplicationBuilder.run(SpringApplicationBuilder.java:164)
	at com.sparta.mulmul.MulmulApplication.main(MulmulApplication.java:33)
21:19:18.448 INFO  o.s.c.s.PostProcessorRegistrationDelegate$BeanPostProcessorChecker - Bean '(inner bean)#385e36d4' of type [com.amazonaws.auth.BasicAWSCredentials] is not eligible for getting processed by all BeanPostProcessors (for example: not eligible for auto-proxying)
21:19:18.449 INFO  o.s.c.s.PostProcessorRegistrationDelegate$BeanPostProcessorChecker - Bean '(inner bean)#1cb37ee4' of type [com.amazonaws.auth.AWSStaticCredentialsProvider] is not eligible for getting processed by all BeanPostProcessors (for example: not eligible for auto-proxying)
21:19:18.464 INFO  o.s.c.s.PostProcessorRegistrationDelegate$BeanPostProcessorChecker - Bean '(inner bean)#7048535f' of type [com.amazonaws.auth.profile.ProfileCredentialsProvider] is not eligible for getting processed by all BeanPostProcessors (for example: not eligible for auto-proxying)
21:19:18.467 INFO  o.s.c.s.PostProcessorRegistrationDelegate$BeanPostProcessorChecker - Bean 'credentialsProvider' of type [org.springframework.cloud.aws.core.credentials.CredentialsProviderFactoryBean] is not eligible for getting processed by all BeanPostProcessors (for example: not eligible for auto-proxying)
21:19:18.467 INFO  o.s.c.s.PostProcessorRegistrationDelegate$BeanPostProcessorChecker - Bean 'credentialsProvider' of type [com.amazonaws.auth.AWSCredentialsProviderChain] is not eligible for getting processed by all BeanPostProcessors (for example: not eligible for auto-proxying)
21:19:19.159 INFO  o.s.b.w.e.tomcat.TomcatWebServer - Tomcat initialized with port(s): 8080 (http)
21:19:19.183 INFO  o.a.coyote.http11.Http11NioProtocol - Initializing ProtocolHandler ["http-nio-8080"]
21:19:19.184 INFO  o.a.catalina.core.StandardService - Starting service [Tomcat]
21:19:19.185 INFO  o.a.catalina.core.StandardEngine - Starting Servlet engine: [Apache Tomcat/9.0.62]
21:19:19.401 INFO  o.a.c.c.C.[Tomcat].[localhost].[/] - Initializing Spring embedded WebApplicationContext
21:19:19.402 INFO  o.s.b.w.s.c.ServletWebServerApplicationContext - Root WebApplicationContext: initialization completed in 3862 ms
21:19:19.635 WARN  o.s.b.a.o.j.JpaBaseConfiguration$JpaWebConfiguration - spring.jpa.open-in-view is enabled by default. Therefore, database queries may be performed during view rendering. Explicitly configure spring.jpa.open-in-view to disable this warning
21:19:19.972 INFO  o.h.jpa.internal.util.LogHelper - HHH000204: Processing PersistenceUnitInfo [name: default]
21:19:20.134 INFO  org.hibernate.Version - HHH000412: Hibernate ORM core version 5.6.8.Final
21:19:20.512 INFO  o.h.annotations.common.Version - HCANN000001: Hibernate Commons Annotations {5.1.2.Final}
21:19:20.768 INFO  com.zaxxer.hikari.HikariDataSource - HikariPool-1 - Starting...
21:19:21.280 INFO  com.zaxxer.hikari.HikariDataSource - HikariPool-1 - Start completed.
21:19:21.326 INFO  org.hibernate.dialect.Dialect - HHH000400: Using dialect: org.hibernate.dialect.MySQL8Dialect
21:19:23.373 INFO  o.h.e.t.j.p.i.JtaPlatformInitiator - HHH000490: Using JtaPlatform implementation: [org.hibernate.engine.transaction.jta.platform.internal.NoJtaPlatform]
21:19:23.394 INFO  o.s.o.j.LocalContainerEntityManagerFactoryBean - Initialized JPA EntityManagerFactory for persistence unit 'default'
21:19:26.662 WARN  o.s.s.c.a.web.builders.WebSecurity - You are asking Spring Security to ignore Ant [pattern='/h2-console/**']. This is not recommended -- please use permitAll via HttpSecurity#authorizeHttpRequests instead.
21:19:26.663 INFO  o.s.s.web.DefaultSecurityFilterChain - Will not secure Ant [pattern='/h2-console/**']
21:19:26.709 INFO  o.s.s.web.DefaultSecurityFilterChain - Will secure any request with [org.springframework.security.web.context.request.async.WebAsyncManagerIntegrationFilter@9499643, org.springframework.security.web.context.SecurityContextPersistenceFilter@44618fe6, org.springframework.security.web.header.HeaderWriterFilter@3cc6f036, org.springframework.web.filter.CorsFilter@776d8097, org.springframework.security.web.authentication.logout.LogoutFilter@6abd8bcd, com.sparta.mulmul.security.filter.RestLoginFilter@1a43a88e, com.sparta.mulmul.security.filter.JwtAuthFilter@7a34505a, org.springframework.security.web.savedrequest.RequestCacheAwareFilter@796fe2b5, org.springframework.security.web.servletapi.SecurityContextHolderAwareRequestFilter@6f785a27, org.springframework.security.web.authentication.AnonymousAuthenticationFilter@b787274, org.springframework.security.web.session.SessionManagementFilter@7b0525a8, org.springframework.security.web.access.ExceptionTranslationFilter@6109d880, org.springframework.security.web.access.intercept.FilterSecurityInterceptor@5807ea46]
21:19:27.603 INFO  o.a.coyote.http11.Http11NioProtocol - Starting ProtocolHandler ["http-nio-8080"]
21:19:27.644 INFO  o.s.b.w.e.tomcat.TomcatWebServer - Tomcat started on port(s): 8080 (http) with context path ''
21:19:27.647 INFO  o.s.m.s.b.SimpleBrokerMessageHandler - Starting...
21:19:27.647 INFO  o.s.m.s.b.SimpleBrokerMessageHandler - BrokerAvailabilityEvent[available=true, SimpleBrokerMessageHandler [org.springframework.messaging.simp.broker.DefaultSubscriptionRegistry@42e4431]]
21:19:27.648 INFO  o.s.m.s.b.SimpleBrokerMessageHandler - Started.
21:19:27.657 INFO  com.sparta.mulmul.MulmulApplication - Started MulmulApplication in 13.042 seconds (JVM running for 15.099)
21:19:38.320 INFO  o.a.c.c.C.[Tomcat].[localhost].[/] - Initializing Spring DispatcherServlet 'dispatcherServlet'
21:19:38.321 INFO  o.s.web.servlet.DispatcherServlet - Initializing Servlet 'dispatcherServlet'
21:19:38.322 INFO  o.s.web.servlet.DispatcherServlet - Completed initialization in 1 ms
21:20:26.850 INFO  o.s.w.s.c.WebSocketMessageBrokerStats - WebSocketSession[0 current WS(0)-HttpStream(0)-HttpPoll(0), 0 total, 0 closed abnormally (0 connect failure, 0 send limit, 0 transport error)], stompSubProtocol[processed CONNECT(0)-CONNECTED(0)-DISCONNECT(0)], stompBrokerRelay[null], inboundChannel[pool size = 0, active threads = 0, queued tasks = 0, completed tasks = 0], outboundChannel[pool size = 0, active threads = 0, queued tasks = 0, completed tasks = 0], sockJsScheduler[pool size = 1, active threads = 1, queued tasks = 0, completed tasks = 0]
21:21:58.899 INFO  o.s.m.s.b.SimpleBrokerMessageHandler - Stopping...
21:21:58.900 INFO  o.s.m.s.b.SimpleBrokerMessageHandler - BrokerAvailabilityEvent[available=false, SimpleBrokerMessageHandler [org.springframework.messaging.simp.broker.DefaultSubscriptionRegistry@42e4431]]
21:21:58.900 INFO  o.s.m.s.b.SimpleBrokerMessageHandler - Stopped.
21:21:59.079 INFO  o.s.o.j.LocalContainerEntityManagerFactoryBean - Closing JPA EntityManagerFactory for persistence unit 'default'
21:21:59.081 INFO  com.zaxxer.hikari.HikariDataSource - HikariPool-1 - Shutdown initiated...
21:21:59.089 INFO  com.zaxxer.hikari.HikariDataSource - HikariPool-1 - Shutdown completed.
21:22:21.231 INFO  com.sparta.mulmul.MulmulApplication - Starting MulmulApplication using Java 1.8.0_322 on DESKTOP-5C6TMC3 with PID 34656 (C:\Users\korea\OneDrive\바탕 화면\moolmool_BE\build\classes\java\main started by korea in C:\Users\korea\OneDrive\바탕 화면\moolmool_BE)
21:22:21.235 INFO  com.sparta.mulmul.MulmulApplication - No active profile set, falling back to 1 default profile: "default"
21:22:22.850 INFO  o.s.d.r.c.RepositoryConfigurationDelegate - Bootstrapping Spring Data JPA repositories in DEFAULT mode.
21:22:23.281 INFO  o.s.d.r.c.RepositoryConfigurationDelegate - Finished Spring Data repository scanning in 419 ms. Found 13 JPA repository interfaces.
21:22:23.585 WARN  com.amazonaws.util.EC2MetadataUtils - Unable to retrieve the requested metadata (/latest/meta-data/instance-id). EC2 Instance Metadata Service is disabled
com.amazonaws.AmazonClientException: EC2 Instance Metadata Service is disabled
	at com.amazonaws.internal.InstanceMetadataServiceResourceFetcher.readResource(InstanceMetadataServiceResourceFetcher.java:65)
	at com.amazonaws.internal.EC2ResourceFetcher.readResource(EC2ResourceFetcher.java:66)
	at com.amazonaws.util.EC2MetadataUtils.getItems(EC2MetadataUtils.java:402)
	at com.amazonaws.util.EC2MetadataUtils.getData(EC2MetadataUtils.java:371)
	at org.springframework.cloud.aws.context.support.env.AwsCloudEnvironmentCheckUtils.isRunningOnCloudEnvironment(AwsCloudEnvironmentCheckUtils.java:38)
	at org.springframework.cloud.aws.context.annotation.OnAwsCloudEnvironmentCondition.matches(OnAwsCloudEnvironmentCondition.java:38)
	at org.springframework.context.annotation.ConditionEvaluator.shouldSkip(ConditionEvaluator.java:108)
	at org.springframework.context.annotation.ConfigurationClassBeanDefinitionReader$TrackedConditionEvaluator.shouldSkip(ConfigurationClassBeanDefinitionReader.java:489)
	at org.springframework.context.annotation.ConfigurationClassBeanDefinitionReader.loadBeanDefinitionsForConfigurationClass(ConfigurationClassBeanDefinitionReader.java:140)
	at org.springframework.context.annotation.ConfigurationClassBeanDefinitionReader.loadBeanDefinitions(ConfigurationClassBeanDefinitionReader.java:129)
	at org.springframework.context.annotation.ConfigurationClassPostProcessor.processConfigBeanDefinitions(ConfigurationClassPostProcessor.java:343)
	at org.springframework.context.annotation.ConfigurationClassPostProcessor.postProcessBeanDefinitionRegistry(ConfigurationClassPostProcessor.java:247)
	at org.springframework.context.support.PostProcessorRegistrationDelegate.invokeBeanDefinitionRegistryPostProcessors(PostProcessorRegistrationDelegate.java:311)
	at org.springframework.context.support.PostProcessorRegistrationDelegate.invokeBeanFactoryPostProcessors(PostProcessorRegistrationDelegate.java:112)
	at org.springframework.context.support.AbstractApplicationContext.invokeBeanFactoryPostProcessors(AbstractApplicationContext.java:746)
	at org.springframework.context.support.AbstractApplicationContext.refresh(AbstractApplicationContext.java:564)
	at org.springframework.boot.web.servlet.context.ServletWebServerApplicationContext.refresh(ServletWebServerApplicationContext.java:145)
	at org.springframework.boot.SpringApplication.refresh(SpringApplication.java:740)
	at org.springframework.boot.SpringApplication.refreshContext(SpringApplication.java:415)
	at org.springframework.boot.SpringApplication.run(SpringApplication.java:303)
	at org.springframework.boot.builder.SpringApplicationBuilder.run(SpringApplicationBuilder.java:164)
	at com.sparta.mulmul.MulmulApplication.main(MulmulApplication.java:33)
21:22:24.028 INFO  o.s.c.s.PostProcessorRegistrationDelegate$BeanPostProcessorChecker - Bean '(inner bean)#385e36d4' of type [com.amazonaws.auth.BasicAWSCredentials] is not eligible for getting processed by all BeanPostProcessors (for example: not eligible for auto-proxying)
21:22:24.030 INFO  o.s.c.s.PostProcessorRegistrationDelegate$BeanPostProcessorChecker - Bean '(inner bean)#1cb37ee4' of type [com.amazonaws.auth.AWSStaticCredentialsProvider] is not eligible for getting processed by all BeanPostProcessors (for example: not eligible for auto-proxying)
21:22:24.045 INFO  o.s.c.s.PostProcessorRegistrationDelegate$BeanPostProcessorChecker - Bean '(inner bean)#7048535f' of type [com.amazonaws.auth.profile.ProfileCredentialsProvider] is not eligible for getting processed by all BeanPostProcessors (for example: not eligible for auto-proxying)
21:22:24.048 INFO  o.s.c.s.PostProcessorRegistrationDelegate$BeanPostProcessorChecker - Bean 'credentialsProvider' of type [org.springframework.cloud.aws.core.credentials.CredentialsProviderFactoryBean] is not eligible for getting processed by all BeanPostProcessors (for example: not eligible for auto-proxying)
21:22:24.048 INFO  o.s.c.s.PostProcessorRegistrationDelegate$BeanPostProcessorChecker - Bean 'credentialsProvider' of type [com.amazonaws.auth.AWSCredentialsProviderChain] is not eligible for getting processed by all BeanPostProcessors (for example: not eligible for auto-proxying)
21:22:24.713 INFO  o.s.b.w.e.tomcat.TomcatWebServer - Tomcat initialized with port(s): 8080 (http)
21:22:24.735 INFO  o.a.coyote.http11.Http11NioProtocol - Initializing ProtocolHandler ["http-nio-8080"]
21:22:24.736 INFO  o.a.catalina.core.StandardService - Starting service [Tomcat]
21:22:24.736 INFO  o.a.catalina.core.StandardEngine - Starting Servlet engine: [Apache Tomcat/9.0.62]
21:22:24.935 INFO  o.a.c.c.C.[Tomcat].[localhost].[/] - Initializing Spring embedded WebApplicationContext
21:22:24.936 INFO  o.s.b.w.s.c.ServletWebServerApplicationContext - Root WebApplicationContext: initialization completed in 3619 ms
21:22:25.138 WARN  o.s.b.a.o.j.JpaBaseConfiguration$JpaWebConfiguration - spring.jpa.open-in-view is enabled by default. Therefore, database queries may be performed during view rendering. Explicitly configure spring.jpa.open-in-view to disable this warning
21:22:25.460 INFO  o.h.jpa.internal.util.LogHelper - HHH000204: Processing PersistenceUnitInfo [name: default]
21:22:25.598 INFO  org.hibernate.Version - HHH000412: Hibernate ORM core version 5.6.8.Final
21:22:25.907 INFO  o.h.annotations.common.Version - HCANN000001: Hibernate Commons Annotations {5.1.2.Final}
21:22:26.138 INFO  com.zaxxer.hikari.HikariDataSource - HikariPool-1 - Starting...
21:22:26.611 INFO  com.zaxxer.hikari.HikariDataSource - HikariPool-1 - Start completed.
21:22:26.655 INFO  org.hibernate.dialect.Dialect - HHH000400: Using dialect: org.hibernate.dialect.MySQL8Dialect
21:22:28.474 INFO  o.h.e.t.j.p.i.JtaPlatformInitiator - HHH000490: Using JtaPlatform implementation: [org.hibernate.engine.transaction.jta.platform.internal.NoJtaPlatform]
21:22:28.494 INFO  o.s.o.j.LocalContainerEntityManagerFactoryBean - Initialized JPA EntityManagerFactory for persistence unit 'default'
21:22:31.429 WARN  o.s.s.c.a.web.builders.WebSecurity - You are asking Spring Security to ignore Ant [pattern='/h2-console/**']. This is not recommended -- please use permitAll via HttpSecurity#authorizeHttpRequests instead.
21:22:31.430 INFO  o.s.s.web.DefaultSecurityFilterChain - Will not secure Ant [pattern='/h2-console/**']
21:22:31.470 INFO  o.s.s.web.DefaultSecurityFilterChain - Will secure any request with [org.springframework.security.web.context.request.async.WebAsyncManagerIntegrationFilter@9499643, org.springframework.security.web.context.SecurityContextPersistenceFilter@44618fe6, org.springframework.security.web.header.HeaderWriterFilter@3cc6f036, org.springframework.web.filter.CorsFilter@776d8097, org.springframework.security.web.authentication.logout.LogoutFilter@6abd8bcd, com.sparta.mulmul.security.filter.RestLoginFilter@1a43a88e, com.sparta.mulmul.security.filter.JwtAuthFilter@7a34505a, org.springframework.security.web.savedrequest.RequestCacheAwareFilter@796fe2b5, org.springframework.security.web.servletapi.SecurityContextHolderAwareRequestFilter@6f785a27, org.springframework.security.web.authentication.AnonymousAuthenticationFilter@b787274, org.springframework.security.web.session.SessionManagementFilter@7b0525a8, org.springframework.security.web.access.ExceptionTranslationFilter@6109d880, org.springframework.security.web.access.intercept.FilterSecurityInterceptor@5807ea46]
21:22:32.294 INFO  o.a.coyote.http11.Http11NioProtocol - Starting ProtocolHandler ["http-nio-8080"]
21:22:32.331 INFO  o.s.b.w.e.tomcat.TomcatWebServer - Tomcat started on port(s): 8080 (http) with context path ''
21:22:32.334 INFO  o.s.m.s.b.SimpleBrokerMessageHandler - Starting...
21:22:32.334 INFO  o.s.m.s.b.SimpleBrokerMessageHandler - BrokerAvailabilityEvent[available=true, SimpleBrokerMessageHandler [org.springframework.messaging.simp.broker.DefaultSubscriptionRegistry@42e4431]]
21:22:32.335 INFO  o.s.m.s.b.SimpleBrokerMessageHandler - Started.
21:22:32.344 INFO  com.sparta.mulmul.MulmulApplication - Started MulmulApplication in 11.87 seconds (JVM running for 13.562)
21:22:37.600 INFO  o.a.c.c.C.[Tomcat].[localhost].[/] - Initializing Spring DispatcherServlet 'dispatcherServlet'
21:22:37.601 INFO  o.s.web.servlet.DispatcherServlet - Initializing Servlet 'dispatcherServlet'
21:22:37.602 INFO  o.s.web.servlet.DispatcherServlet - Completed initialization in 1 ms
21:23:31.606 INFO  o.s.w.s.c.WebSocketMessageBrokerStats - WebSocketSession[0 current WS(0)-HttpStream(0)-HttpPoll(0), 0 total, 0 closed abnormally (0 connect failure, 0 send limit, 0 transport error)], stompSubProtocol[processed CONNECT(0)-CONNECTED(0)-DISCONNECT(0)], stompBrokerRelay[null], inboundChannel[pool size = 0, active threads = 0, queued tasks = 0, completed tasks = 0], outboundChannel[pool size = 0, active threads = 0, queued tasks = 0, completed tasks = 0], sockJsScheduler[pool size = 1, active threads = 1, queued tasks = 0, completed tasks = 0]
21:27:27.963 INFO  o.s.m.s.b.SimpleBrokerMessageHandler - Stopping...
21:27:27.964 INFO  o.s.m.s.b.SimpleBrokerMessageHandler - BrokerAvailabilityEvent[available=false, SimpleBrokerMessageHandler [org.springframework.messaging.simp.broker.DefaultSubscriptionRegistry@42e4431]]
21:27:27.964 INFO  o.s.m.s.b.SimpleBrokerMessageHandler - Stopped.
21:27:28.153 INFO  o.s.o.j.LocalContainerEntityManagerFactoryBean - Closing JPA EntityManagerFactory for persistence unit 'default'
21:27:28.155 INFO  com.zaxxer.hikari.HikariDataSource - HikariPool-1 - Shutdown initiated...
21:27:28.166 INFO  com.zaxxer.hikari.HikariDataSource - HikariPool-1 - Shutdown completed.
21:27:53.703 INFO  com.sparta.mulmul.MulmulApplication - Starting MulmulApplication using Java 1.8.0_322 on DESKTOP-5C6TMC3 with PID 100056 (C:\Users\korea\OneDrive\바탕 화면\moolmool_BE\build\classes\java\main started by korea in C:\Users\korea\OneDrive\바탕 화면\moolmool_BE)
21:27:53.707 INFO  com.sparta.mulmul.MulmulApplication - No active profile set, falling back to 1 default profile: "default"
21:27:55.424 INFO  o.s.d.r.c.RepositoryConfigurationDelegate - Bootstrapping Spring Data JPA repositories in DEFAULT mode.
21:27:55.898 INFO  o.s.d.r.c.RepositoryConfigurationDelegate - Finished Spring Data repository scanning in 462 ms. Found 13 JPA repository interfaces.
21:27:56.209 WARN  com.amazonaws.util.EC2MetadataUtils - Unable to retrieve the requested metadata (/latest/meta-data/instance-id). EC2 Instance Metadata Service is disabled
com.amazonaws.AmazonClientException: EC2 Instance Metadata Service is disabled
	at com.amazonaws.internal.InstanceMetadataServiceResourceFetcher.readResource(InstanceMetadataServiceResourceFetcher.java:65)
	at com.amazonaws.internal.EC2ResourceFetcher.readResource(EC2ResourceFetcher.java:66)
	at com.amazonaws.util.EC2MetadataUtils.getItems(EC2MetadataUtils.java:402)
	at com.amazonaws.util.EC2MetadataUtils.getData(EC2MetadataUtils.java:371)
	at org.springframework.cloud.aws.context.support.env.AwsCloudEnvironmentCheckUtils.isRunningOnCloudEnvironment(AwsCloudEnvironmentCheckUtils.java:38)
	at org.springframework.cloud.aws.context.annotation.OnAwsCloudEnvironmentCondition.matches(OnAwsCloudEnvironmentCondition.java:38)
	at org.springframework.context.annotation.ConditionEvaluator.shouldSkip(ConditionEvaluator.java:108)
	at org.springframework.context.annotation.ConfigurationClassBeanDefinitionReader$TrackedConditionEvaluator.shouldSkip(ConfigurationClassBeanDefinitionReader.java:489)
	at org.springframework.context.annotation.ConfigurationClassBeanDefinitionReader.loadBeanDefinitionsForConfigurationClass(ConfigurationClassBeanDefinitionReader.java:140)
	at org.springframework.context.annotation.ConfigurationClassBeanDefinitionReader.loadBeanDefinitions(ConfigurationClassBeanDefinitionReader.java:129)
	at org.springframework.context.annotation.ConfigurationClassPostProcessor.processConfigBeanDefinitions(ConfigurationClassPostProcessor.java:343)
	at org.springframework.context.annotation.ConfigurationClassPostProcessor.postProcessBeanDefinitionRegistry(ConfigurationClassPostProcessor.java:247)
	at org.springframework.context.support.PostProcessorRegistrationDelegate.invokeBeanDefinitionRegistryPostProcessors(PostProcessorRegistrationDelegate.java:311)
	at org.springframework.context.support.PostProcessorRegistrationDelegate.invokeBeanFactoryPostProcessors(PostProcessorRegistrationDelegate.java:112)
	at org.springframework.context.support.AbstractApplicationContext.invokeBeanFactoryPostProcessors(AbstractApplicationContext.java:746)
	at org.springframework.context.support.AbstractApplicationContext.refresh(AbstractApplicationContext.java:564)
	at org.springframework.boot.web.servlet.context.ServletWebServerApplicationContext.refresh(ServletWebServerApplicationContext.java:145)
	at org.springframework.boot.SpringApplication.refresh(SpringApplication.java:740)
	at org.springframework.boot.SpringApplication.refreshContext(SpringApplication.java:415)
	at org.springframework.boot.SpringApplication.run(SpringApplication.java:303)
	at org.springframework.boot.builder.SpringApplicationBuilder.run(SpringApplicationBuilder.java:164)
	at com.sparta.mulmul.MulmulApplication.main(MulmulApplication.java:33)
21:27:56.600 INFO  o.s.c.s.PostProcessorRegistrationDelegate$BeanPostProcessorChecker - Bean '(inner bean)#385e36d4' of type [com.amazonaws.auth.BasicAWSCredentials] is not eligible for getting processed by all BeanPostProcessors (for example: not eligible for auto-proxying)
21:27:56.601 INFO  o.s.c.s.PostProcessorRegistrationDelegate$BeanPostProcessorChecker - Bean '(inner bean)#1cb37ee4' of type [com.amazonaws.auth.AWSStaticCredentialsProvider] is not eligible for getting processed by all BeanPostProcessors (for example: not eligible for auto-proxying)
21:27:56.616 INFO  o.s.c.s.PostProcessorRegistrationDelegate$BeanPostProcessorChecker - Bean '(inner bean)#7048535f' of type [com.amazonaws.auth.profile.ProfileCredentialsProvider] is not eligible for getting processed by all BeanPostProcessors (for example: not eligible for auto-proxying)
21:27:56.618 INFO  o.s.c.s.PostProcessorRegistrationDelegate$BeanPostProcessorChecker - Bean 'credentialsProvider' of type [org.springframework.cloud.aws.core.credentials.CredentialsProviderFactoryBean] is not eligible for getting processed by all BeanPostProcessors (for example: not eligible for auto-proxying)
21:27:56.619 INFO  o.s.c.s.PostProcessorRegistrationDelegate$BeanPostProcessorChecker - Bean 'credentialsProvider' of type [com.amazonaws.auth.AWSCredentialsProviderChain] is not eligible for getting processed by all BeanPostProcessors (for example: not eligible for auto-proxying)
21:27:57.267 INFO  o.s.b.w.e.tomcat.TomcatWebServer - Tomcat initialized with port(s): 8080 (http)
21:27:57.288 INFO  o.a.coyote.http11.Http11NioProtocol - Initializing ProtocolHandler ["http-nio-8080"]
21:27:57.289 INFO  o.a.catalina.core.StandardService - Starting service [Tomcat]
21:27:57.289 INFO  o.a.catalina.core.StandardEngine - Starting Servlet engine: [Apache Tomcat/9.0.62]
21:27:57.507 INFO  o.a.c.c.C.[Tomcat].[localhost].[/] - Initializing Spring embedded WebApplicationContext
21:27:57.507 INFO  o.s.b.w.s.c.ServletWebServerApplicationContext - Root WebApplicationContext: initialization completed in 3706 ms
21:27:57.724 WARN  o.s.b.a.o.j.JpaBaseConfiguration$JpaWebConfiguration - spring.jpa.open-in-view is enabled by default. Therefore, database queries may be performed during view rendering. Explicitly configure spring.jpa.open-in-view to disable this warning
21:27:58.057 INFO  o.h.jpa.internal.util.LogHelper - HHH000204: Processing PersistenceUnitInfo [name: default]
21:27:58.205 INFO  org.hibernate.Version - HHH000412: Hibernate ORM core version 5.6.8.Final
21:27:58.520 INFO  o.h.annotations.common.Version - HCANN000001: Hibernate Commons Annotations {5.1.2.Final}
21:27:58.753 INFO  com.zaxxer.hikari.HikariDataSource - HikariPool-1 - Starting...
21:27:59.263 INFO  com.zaxxer.hikari.HikariDataSource - HikariPool-1 - Start completed.
21:27:59.306 INFO  org.hibernate.dialect.Dialect - HHH000400: Using dialect: org.hibernate.dialect.MySQL8Dialect
21:28:01.168 INFO  o.h.e.t.j.p.i.JtaPlatformInitiator - HHH000490: Using JtaPlatform implementation: [org.hibernate.engine.transaction.jta.platform.internal.NoJtaPlatform]
21:28:01.188 INFO  o.s.o.j.LocalContainerEntityManagerFactoryBean - Initialized JPA EntityManagerFactory for persistence unit 'default'
21:28:04.143 WARN  o.s.s.c.a.web.builders.WebSecurity - You are asking Spring Security to ignore Ant [pattern='/h2-console/**']. This is not recommended -- please use permitAll via HttpSecurity#authorizeHttpRequests instead.
21:28:04.144 INFO  o.s.s.web.DefaultSecurityFilterChain - Will not secure Ant [pattern='/h2-console/**']
21:28:04.184 INFO  o.s.s.web.DefaultSecurityFilterChain - Will secure any request with [org.springframework.security.web.context.request.async.WebAsyncManagerIntegrationFilter@7891cf3, org.springframework.security.web.context.SecurityContextPersistenceFilter@49639118, org.springframework.security.web.header.HeaderWriterFilter@19213a74, org.springframework.web.filter.CorsFilter@6bfbab1c, org.springframework.security.web.authentication.logout.LogoutFilter@46a97805, com.sparta.mulmul.security.filter.RestLoginFilter@1a43a88e, com.sparta.mulmul.security.filter.JwtAuthFilter@349aeec4, org.springframework.security.web.savedrequest.RequestCacheAwareFilter@6942ee48, org.springframework.security.web.servletapi.SecurityContextHolderAwareRequestFilter@59b1edab, org.springframework.security.web.authentication.AnonymousAuthenticationFilter@3700994c, org.springframework.security.web.session.SessionManagementFilter@719bb60d, org.springframework.security.web.access.ExceptionTranslationFilter@5454be, org.springframework.security.web.access.intercept.FilterSecurityInterceptor@5a8656a2]
21:28:05.025 INFO  o.a.coyote.http11.Http11NioProtocol - Starting ProtocolHandler ["http-nio-8080"]
21:28:05.063 INFO  o.s.b.w.e.tomcat.TomcatWebServer - Tomcat started on port(s): 8080 (http) with context path ''
21:28:05.066 INFO  o.s.m.s.b.SimpleBrokerMessageHandler - Starting...
21:28:05.066 INFO  o.s.m.s.b.SimpleBrokerMessageHandler - BrokerAvailabilityEvent[available=true, SimpleBrokerMessageHandler [org.springframework.messaging.simp.broker.DefaultSubscriptionRegistry@8dcacf1]]
21:28:05.067 INFO  o.s.m.s.b.SimpleBrokerMessageHandler - Started.
21:28:05.076 INFO  com.sparta.mulmul.MulmulApplication - Started MulmulApplication in 12.291 seconds (JVM running for 14.369)
21:28:09.041 INFO  o.a.c.c.C.[Tomcat].[localhost].[/] - Initializing Spring DispatcherServlet 'dispatcherServlet'
21:28:09.042 INFO  o.s.web.servlet.DispatcherServlet - Initializing Servlet 'dispatcherServlet'
21:28:09.043 INFO  o.s.web.servlet.DispatcherServlet - Completed initialization in 1 ms
21:29:04.314 INFO  o.s.w.s.c.WebSocketMessageBrokerStats - WebSocketSession[0 current WS(0)-HttpStream(0)-HttpPoll(0), 0 total, 0 closed abnormally (0 connect failure, 0 send limit, 0 transport error)], stompSubProtocol[processed CONNECT(0)-CONNECTED(0)-DISCONNECT(0)], stompBrokerRelay[null], inboundChannel[pool size = 0, active threads = 0, queued tasks = 0, completed tasks = 0], outboundChannel[pool size = 0, active threads = 0, queued tasks = 0, completed tasks = 0], sockJsScheduler[pool size = 1, active threads = 1, queued tasks = 0, completed tasks = 0]
21:59:04.315 INFO  o.s.w.s.c.WebSocketMessageBrokerStats - WebSocketSession[0 current WS(0)-HttpStream(0)-HttpPoll(0), 0 total, 0 closed abnormally (0 connect failure, 0 send limit, 0 transport error)], stompSubProtocol[processed CONNECT(0)-CONNECTED(0)-DISCONNECT(0)], stompBrokerRelay[null], inboundChannel[pool size = 0, active threads = 0, queued tasks = 0, completed tasks = 0], outboundChannel[pool size = 0, active threads = 0, queued tasks = 0, completed tasks = 0], sockJsScheduler[pool size = 2, active threads = 1, queued tasks = 0, completed tasks = 1]
22:06:41.458 INFO  o.s.m.s.b.SimpleBrokerMessageHandler - Stopping...
22:06:41.458 INFO  o.s.m.s.b.SimpleBrokerMessageHandler - BrokerAvailabilityEvent[available=false, SimpleBrokerMessageHandler [org.springframework.messaging.simp.broker.DefaultSubscriptionRegistry@8dcacf1]]
22:06:41.459 INFO  o.s.m.s.b.SimpleBrokerMessageHandler - Stopped.
22:06:41.640 INFO  o.s.o.j.LocalContainerEntityManagerFactoryBean - Closing JPA EntityManagerFactory for persistence unit 'default'
22:06:41.641 INFO  com.zaxxer.hikari.HikariDataSource - HikariPool-1 - Shutdown initiated...
22:06:41.648 INFO  com.zaxxer.hikari.HikariDataSource - HikariPool-1 - Shutdown completed.
22:07:12.454 INFO  com.sparta.mulmul.MulmulApplication - Starting MulmulApplication using Java 1.8.0_322 on DESKTOP-5C6TMC3 with PID 41832 (C:\Users\korea\OneDrive\바탕 화면\moolmool_BE\build\classes\java\main started by korea in C:\Users\korea\OneDrive\바탕 화면\moolmool_BE)
22:07:12.458 INFO  com.sparta.mulmul.MulmulApplication - No active profile set, falling back to 1 default profile: "default"
22:07:14.164 INFO  o.s.d.r.c.RepositoryConfigurationDelegate - Bootstrapping Spring Data JPA repositories in DEFAULT mode.
22:07:14.611 INFO  o.s.d.r.c.RepositoryConfigurationDelegate - Finished Spring Data repository scanning in 434 ms. Found 13 JPA repository interfaces.
22:07:14.923 WARN  com.amazonaws.util.EC2MetadataUtils - Unable to retrieve the requested metadata (/latest/meta-data/instance-id). EC2 Instance Metadata Service is disabled
com.amazonaws.AmazonClientException: EC2 Instance Metadata Service is disabled
	at com.amazonaws.internal.InstanceMetadataServiceResourceFetcher.readResource(InstanceMetadataServiceResourceFetcher.java:65)
	at com.amazonaws.internal.EC2ResourceFetcher.readResource(EC2ResourceFetcher.java:66)
	at com.amazonaws.util.EC2MetadataUtils.getItems(EC2MetadataUtils.java:402)
	at com.amazonaws.util.EC2MetadataUtils.getData(EC2MetadataUtils.java:371)
	at org.springframework.cloud.aws.context.support.env.AwsCloudEnvironmentCheckUtils.isRunningOnCloudEnvironment(AwsCloudEnvironmentCheckUtils.java:38)
	at org.springframework.cloud.aws.context.annotation.OnAwsCloudEnvironmentCondition.matches(OnAwsCloudEnvironmentCondition.java:38)
	at org.springframework.context.annotation.ConditionEvaluator.shouldSkip(ConditionEvaluator.java:108)
	at org.springframework.context.annotation.ConfigurationClassBeanDefinitionReader$TrackedConditionEvaluator.shouldSkip(ConfigurationClassBeanDefinitionReader.java:489)
	at org.springframework.context.annotation.ConfigurationClassBeanDefinitionReader.loadBeanDefinitionsForConfigurationClass(ConfigurationClassBeanDefinitionReader.java:140)
	at org.springframework.context.annotation.ConfigurationClassBeanDefinitionReader.loadBeanDefinitions(ConfigurationClassBeanDefinitionReader.java:129)
	at org.springframework.context.annotation.ConfigurationClassPostProcessor.processConfigBeanDefinitions(ConfigurationClassPostProcessor.java:343)
	at org.springframework.context.annotation.ConfigurationClassPostProcessor.postProcessBeanDefinitionRegistry(ConfigurationClassPostProcessor.java:247)
	at org.springframework.context.support.PostProcessorRegistrationDelegate.invokeBeanDefinitionRegistryPostProcessors(PostProcessorRegistrationDelegate.java:311)
	at org.springframework.context.support.PostProcessorRegistrationDelegate.invokeBeanFactoryPostProcessors(PostProcessorRegistrationDelegate.java:112)
	at org.springframework.context.support.AbstractApplicationContext.invokeBeanFactoryPostProcessors(AbstractApplicationContext.java:746)
	at org.springframework.context.support.AbstractApplicationContext.refresh(AbstractApplicationContext.java:564)
	at org.springframework.boot.web.servlet.context.ServletWebServerApplicationContext.refresh(ServletWebServerApplicationContext.java:145)
	at org.springframework.boot.SpringApplication.refresh(SpringApplication.java:740)
	at org.springframework.boot.SpringApplication.refreshContext(SpringApplication.java:415)
	at org.springframework.boot.SpringApplication.run(SpringApplication.java:303)
	at org.springframework.boot.builder.SpringApplicationBuilder.run(SpringApplicationBuilder.java:164)
	at com.sparta.mulmul.MulmulApplication.main(MulmulApplication.java:33)
22:07:15.336 INFO  o.s.c.s.PostProcessorRegistrationDelegate$BeanPostProcessorChecker - Bean '(inner bean)#7de843ef' of type [com.amazonaws.auth.BasicAWSCredentials] is not eligible for getting processed by all BeanPostProcessors (for example: not eligible for auto-proxying)
22:07:15.338 INFO  o.s.c.s.PostProcessorRegistrationDelegate$BeanPostProcessorChecker - Bean '(inner bean)#62ce72ff' of type [com.amazonaws.auth.AWSStaticCredentialsProvider] is not eligible for getting processed by all BeanPostProcessors (for example: not eligible for auto-proxying)
22:07:15.353 INFO  o.s.c.s.PostProcessorRegistrationDelegate$BeanPostProcessorChecker - Bean '(inner bean)#70101687' of type [com.amazonaws.auth.profile.ProfileCredentialsProvider] is not eligible for getting processed by all BeanPostProcessors (for example: not eligible for auto-proxying)
22:07:15.356 INFO  o.s.c.s.PostProcessorRegistrationDelegate$BeanPostProcessorChecker - Bean 'credentialsProvider' of type [org.springframework.cloud.aws.core.credentials.CredentialsProviderFactoryBean] is not eligible for getting processed by all BeanPostProcessors (for example: not eligible for auto-proxying)
22:07:15.356 INFO  o.s.c.s.PostProcessorRegistrationDelegate$BeanPostProcessorChecker - Bean 'credentialsProvider' of type [com.amazonaws.auth.AWSCredentialsProviderChain] is not eligible for getting processed by all BeanPostProcessors (for example: not eligible for auto-proxying)
22:07:16.019 INFO  o.s.b.w.e.tomcat.TomcatWebServer - Tomcat initialized with port(s): 8080 (http)
22:07:16.041 INFO  o.a.coyote.http11.Http11NioProtocol - Initializing ProtocolHandler ["http-nio-8080"]
22:07:16.042 INFO  o.a.catalina.core.StandardService - Starting service [Tomcat]
22:07:16.042 INFO  o.a.catalina.core.StandardEngine - Starting Servlet engine: [Apache Tomcat/9.0.62]
22:07:16.250 INFO  o.a.c.c.C.[Tomcat].[localhost].[/] - Initializing Spring embedded WebApplicationContext
22:07:16.250 INFO  o.s.b.w.s.c.ServletWebServerApplicationContext - Root WebApplicationContext: initialization completed in 3711 ms
22:07:16.468 WARN  o.s.b.a.o.j.JpaBaseConfiguration$JpaWebConfiguration - spring.jpa.open-in-view is enabled by default. Therefore, database queries may be performed during view rendering. Explicitly configure spring.jpa.open-in-view to disable this warning
22:07:16.815 INFO  o.h.jpa.internal.util.LogHelper - HHH000204: Processing PersistenceUnitInfo [name: default]
22:07:16.960 INFO  org.hibernate.Version - HHH000412: Hibernate ORM core version 5.6.8.Final
22:07:17.274 INFO  o.h.annotations.common.Version - HCANN000001: Hibernate Commons Annotations {5.1.2.Final}
22:07:17.512 INFO  com.zaxxer.hikari.HikariDataSource - HikariPool-1 - Starting...
22:07:18.018 INFO  com.zaxxer.hikari.HikariDataSource - HikariPool-1 - Start completed.
22:07:18.063 INFO  org.hibernate.dialect.Dialect - HHH000400: Using dialect: org.hibernate.dialect.MySQL8Dialect
22:07:20.014 INFO  o.h.e.t.j.p.i.JtaPlatformInitiator - HHH000490: Using JtaPlatform implementation: [org.hibernate.engine.transaction.jta.platform.internal.NoJtaPlatform]
22:07:20.036 INFO  o.s.o.j.LocalContainerEntityManagerFactoryBean - Initialized JPA EntityManagerFactory for persistence unit 'default'
22:07:23.733 WARN  o.s.s.c.a.web.builders.WebSecurity - You are asking Spring Security to ignore Ant [pattern='/h2-console/**']. This is not recommended -- please use permitAll via HttpSecurity#authorizeHttpRequests instead.
22:07:23.734 INFO  o.s.s.web.DefaultSecurityFilterChain - Will not secure Ant [pattern='/h2-console/**']
22:07:23.778 INFO  o.s.s.web.DefaultSecurityFilterChain - Will secure any request with [org.springframework.security.web.context.request.async.WebAsyncManagerIntegrationFilter@4ec616d6, org.springframework.security.web.context.SecurityContextPersistenceFilter@123c48d0, org.springframework.security.web.header.HeaderWriterFilter@44618fe6, org.springframework.web.filter.CorsFilter@55b45ea1, org.springframework.security.web.authentication.logout.LogoutFilter@59b1edab, com.sparta.mulmul.security.filter.RestLoginFilter@51f34185, com.sparta.mulmul.security.filter.JwtAuthFilter@d5a72cd, org.springframework.security.web.savedrequest.RequestCacheAwareFilter@1203d787, org.springframework.security.web.servletapi.SecurityContextHolderAwareRequestFilter@2dd08ff1, org.springframework.security.web.authentication.AnonymousAuthenticationFilter@45f95ac0, org.springframework.security.web.session.SessionManagementFilter@796fe2b5, org.springframework.security.web.access.ExceptionTranslationFilter@3cc6f036, org.springframework.security.web.access.intercept.FilterSecurityInterceptor@27055a2a]
22:07:24.631 INFO  o.a.coyote.http11.Http11NioProtocol - Starting ProtocolHandler ["http-nio-8080"]
22:07:24.668 INFO  o.s.b.w.e.tomcat.TomcatWebServer - Tomcat started on port(s): 8080 (http) with context path ''
22:07:24.671 INFO  o.s.m.s.b.SimpleBrokerMessageHandler - Starting...
22:07:24.671 INFO  o.s.m.s.b.SimpleBrokerMessageHandler - BrokerAvailabilityEvent[available=true, SimpleBrokerMessageHandler [org.springframework.messaging.simp.broker.DefaultSubscriptionRegistry@4fbbd98c]]
22:07:24.672 INFO  o.s.m.s.b.SimpleBrokerMessageHandler - Started.
22:07:24.681 INFO  com.sparta.mulmul.MulmulApplication - Started MulmulApplication in 12.995 seconds (JVM running for 14.869)
22:08:23.914 INFO  o.s.w.s.c.WebSocketMessageBrokerStats - WebSocketSession[0 current WS(0)-HttpStream(0)-HttpPoll(0), 0 total, 0 closed abnormally (0 connect failure, 0 send limit, 0 transport error)], stompSubProtocol[processed CONNECT(0)-CONNECTED(0)-DISCONNECT(0)], stompBrokerRelay[null], inboundChannel[pool size = 0, active threads = 0, queued tasks = 0, completed tasks = 0], outboundChannel[pool size = 0, active threads = 0, queued tasks = 0, completed tasks = 0], sockJsScheduler[pool size = 1, active threads = 1, queued tasks = 0, completed tasks = 0]
22:09:01.274 INFO  o.a.c.c.C.[Tomcat].[localhost].[/] - Initializing Spring DispatcherServlet 'dispatcherServlet'
22:09:01.275 INFO  o.s.web.servlet.DispatcherServlet - Initializing Servlet 'dispatcherServlet'
22:09:01.276 INFO  o.s.web.servlet.DispatcherServlet - Completed initialization in 1 ms
22:35:19.629 INFO  o.s.m.s.b.SimpleBrokerMessageHandler - Stopping...
22:35:19.630 INFO  o.s.m.s.b.SimpleBrokerMessageHandler - BrokerAvailabilityEvent[available=false, SimpleBrokerMessageHandler [org.springframework.messaging.simp.broker.DefaultSubscriptionRegistry@4fbbd98c]]
22:35:19.630 INFO  o.s.m.s.b.SimpleBrokerMessageHandler - Stopped.
22:35:19.827 INFO  o.s.o.j.LocalContainerEntityManagerFactoryBean - Closing JPA EntityManagerFactory for persistence unit 'default'
22:35:19.829 INFO  com.zaxxer.hikari.HikariDataSource - HikariPool-1 - Shutdown initiated...
22:35:19.839 INFO  com.zaxxer.hikari.HikariDataSource - HikariPool-1 - Shutdown completed.
22:35:50.208 INFO  com.sparta.mulmul.MulmulApplication - Starting MulmulApplication using Java 1.8.0_322 on DESKTOP-5C6TMC3 with PID 44576 (C:\Users\korea\OneDrive\바탕 화면\moolmool_BE\build\classes\java\main started by korea in C:\Users\korea\OneDrive\바탕 화면\moolmool_BE)
22:35:50.212 INFO  com.sparta.mulmul.MulmulApplication - No active profile set, falling back to 1 default profile: "default"
22:35:51.903 INFO  o.s.d.r.c.RepositoryConfigurationDelegate - Bootstrapping Spring Data JPA repositories in DEFAULT mode.
22:35:52.349 INFO  o.s.d.r.c.RepositoryConfigurationDelegate - Finished Spring Data repository scanning in 435 ms. Found 13 JPA repository interfaces.
22:35:52.652 WARN  com.amazonaws.util.EC2MetadataUtils - Unable to retrieve the requested metadata (/latest/meta-data/instance-id). EC2 Instance Metadata Service is disabled
com.amazonaws.AmazonClientException: EC2 Instance Metadata Service is disabled
	at com.amazonaws.internal.InstanceMetadataServiceResourceFetcher.readResource(InstanceMetadataServiceResourceFetcher.java:65)
	at com.amazonaws.internal.EC2ResourceFetcher.readResource(EC2ResourceFetcher.java:66)
	at com.amazonaws.util.EC2MetadataUtils.getItems(EC2MetadataUtils.java:402)
	at com.amazonaws.util.EC2MetadataUtils.getData(EC2MetadataUtils.java:371)
	at org.springframework.cloud.aws.context.support.env.AwsCloudEnvironmentCheckUtils.isRunningOnCloudEnvironment(AwsCloudEnvironmentCheckUtils.java:38)
	at org.springframework.cloud.aws.context.annotation.OnAwsCloudEnvironmentCondition.matches(OnAwsCloudEnvironmentCondition.java:38)
	at org.springframework.context.annotation.ConditionEvaluator.shouldSkip(ConditionEvaluator.java:108)
	at org.springframework.context.annotation.ConfigurationClassBeanDefinitionReader$TrackedConditionEvaluator.shouldSkip(ConfigurationClassBeanDefinitionReader.java:489)
	at org.springframework.context.annotation.ConfigurationClassBeanDefinitionReader.loadBeanDefinitionsForConfigurationClass(ConfigurationClassBeanDefinitionReader.java:140)
	at org.springframework.context.annotation.ConfigurationClassBeanDefinitionReader.loadBeanDefinitions(ConfigurationClassBeanDefinitionReader.java:129)
	at org.springframework.context.annotation.ConfigurationClassPostProcessor.processConfigBeanDefinitions(ConfigurationClassPostProcessor.java:343)
	at org.springframework.context.annotation.ConfigurationClassPostProcessor.postProcessBeanDefinitionRegistry(ConfigurationClassPostProcessor.java:247)
	at org.springframework.context.support.PostProcessorRegistrationDelegate.invokeBeanDefinitionRegistryPostProcessors(PostProcessorRegistrationDelegate.java:311)
	at org.springframework.context.support.PostProcessorRegistrationDelegate.invokeBeanFactoryPostProcessors(PostProcessorRegistrationDelegate.java:112)
	at org.springframework.context.support.AbstractApplicationContext.invokeBeanFactoryPostProcessors(AbstractApplicationContext.java:746)
	at org.springframework.context.support.AbstractApplicationContext.refresh(AbstractApplicationContext.java:564)
	at org.springframework.boot.web.servlet.context.ServletWebServerApplicationContext.refresh(ServletWebServerApplicationContext.java:145)
	at org.springframework.boot.SpringApplication.refresh(SpringApplication.java:740)
	at org.springframework.boot.SpringApplication.refreshContext(SpringApplication.java:415)
	at org.springframework.boot.SpringApplication.run(SpringApplication.java:303)
	at org.springframework.boot.builder.SpringApplicationBuilder.run(SpringApplicationBuilder.java:164)
	at com.sparta.mulmul.MulmulApplication.main(MulmulApplication.java:33)
22:35:53.052 INFO  o.s.c.s.PostProcessorRegistrationDelegate$BeanPostProcessorChecker - Bean '(inner bean)#2881ad47' of type [com.amazonaws.auth.BasicAWSCredentials] is not eligible for getting processed by all BeanPostProcessors (for example: not eligible for auto-proxying)
22:35:53.054 INFO  o.s.c.s.PostProcessorRegistrationDelegate$BeanPostProcessorChecker - Bean '(inner bean)#385e36d4' of type [com.amazonaws.auth.AWSStaticCredentialsProvider] is not eligible for getting processed by all BeanPostProcessors (for example: not eligible for auto-proxying)
22:35:53.069 INFO  o.s.c.s.PostProcessorRegistrationDelegate$BeanPostProcessorChecker - Bean '(inner bean)#680d4a6a' of type [com.amazonaws.auth.profile.ProfileCredentialsProvider] is not eligible for getting processed by all BeanPostProcessors (for example: not eligible for auto-proxying)
22:35:53.072 INFO  o.s.c.s.PostProcessorRegistrationDelegate$BeanPostProcessorChecker - Bean 'credentialsProvider' of type [org.springframework.cloud.aws.core.credentials.CredentialsProviderFactoryBean] is not eligible for getting processed by all BeanPostProcessors (for example: not eligible for auto-proxying)
22:35:53.072 INFO  o.s.c.s.PostProcessorRegistrationDelegate$BeanPostProcessorChecker - Bean 'credentialsProvider' of type [com.amazonaws.auth.AWSCredentialsProviderChain] is not eligible for getting processed by all BeanPostProcessors (for example: not eligible for auto-proxying)
22:35:53.739 INFO  o.s.b.w.e.tomcat.TomcatWebServer - Tomcat initialized with port(s): 8080 (http)
22:35:53.761 INFO  o.a.coyote.http11.Http11NioProtocol - Initializing ProtocolHandler ["http-nio-8080"]
22:35:53.762 INFO  o.a.catalina.core.StandardService - Starting service [Tomcat]
22:35:53.762 INFO  o.a.catalina.core.StandardEngine - Starting Servlet engine: [Apache Tomcat/9.0.62]
22:35:53.964 INFO  o.a.c.c.C.[Tomcat].[localhost].[/] - Initializing Spring embedded WebApplicationContext
22:35:53.964 INFO  o.s.b.w.s.c.ServletWebServerApplicationContext - Root WebApplicationContext: initialization completed in 3665 ms
22:35:54.167 WARN  o.s.b.a.o.j.JpaBaseConfiguration$JpaWebConfiguration - spring.jpa.open-in-view is enabled by default. Therefore, database queries may be performed during view rendering. Explicitly configure spring.jpa.open-in-view to disable this warning
22:35:54.507 INFO  o.h.jpa.internal.util.LogHelper - HHH000204: Processing PersistenceUnitInfo [name: default]
22:35:54.649 INFO  org.hibernate.Version - HHH000412: Hibernate ORM core version 5.6.8.Final
22:35:54.958 INFO  o.h.annotations.common.Version - HCANN000001: Hibernate Commons Annotations {5.1.2.Final}
22:35:55.195 INFO  com.zaxxer.hikari.HikariDataSource - HikariPool-1 - Starting...
22:35:55.685 INFO  com.zaxxer.hikari.HikariDataSource - HikariPool-1 - Start completed.
22:35:55.728 INFO  org.hibernate.dialect.Dialect - HHH000400: Using dialect: org.hibernate.dialect.MySQL8Dialect
22:35:57.598 INFO  o.h.e.t.j.p.i.JtaPlatformInitiator - HHH000490: Using JtaPlatform implementation: [org.hibernate.engine.transaction.jta.platform.internal.NoJtaPlatform]
22:35:57.619 INFO  o.s.o.j.LocalContainerEntityManagerFactoryBean - Initialized JPA EntityManagerFactory for persistence unit 'default'
22:36:00.657 WARN  o.s.s.c.a.web.builders.WebSecurity - You are asking Spring Security to ignore Ant [pattern='/h2-console/**']. This is not recommended -- please use permitAll via HttpSecurity#authorizeHttpRequests instead.
22:36:00.658 INFO  o.s.s.web.DefaultSecurityFilterChain - Will not secure Ant [pattern='/h2-console/**']
22:36:00.698 INFO  o.s.s.web.DefaultSecurityFilterChain - Will secure any request with [org.springframework.security.web.context.request.async.WebAsyncManagerIntegrationFilter@1aa31454, org.springframework.security.web.context.SecurityContextPersistenceFilter@2dd08ff1, org.springframework.security.web.header.HeaderWriterFilter@6f785a27, org.springframework.web.filter.CorsFilter@5a8656a2, org.springframework.security.web.authentication.logout.LogoutFilter@119f072c, com.sparta.mulmul.security.filter.RestLoginFilter@1a43a88e, com.sparta.mulmul.security.filter.JwtAuthFilter@52035328, org.springframework.security.web.savedrequest.RequestCacheAwareFilter@3bf26810, org.springframework.security.web.servletapi.SecurityContextHolderAwareRequestFilter@45451333, org.springframework.security.web.authentication.AnonymousAuthenticationFilter@5614ae05, org.springframework.security.web.session.SessionManagementFilter@8f09a02, org.springframework.security.web.access.ExceptionTranslationFilter@123c48d0, org.springframework.security.web.access.intercept.FilterSecurityInterceptor@d5a72cd]
22:36:01.545 INFO  o.a.coyote.http11.Http11NioProtocol - Starting ProtocolHandler ["http-nio-8080"]
22:36:01.583 INFO  o.s.b.w.e.tomcat.TomcatWebServer - Tomcat started on port(s): 8080 (http) with context path ''
22:36:01.586 INFO  o.s.m.s.b.SimpleBrokerMessageHandler - Starting...
22:36:01.586 INFO  o.s.m.s.b.SimpleBrokerMessageHandler - BrokerAvailabilityEvent[available=true, SimpleBrokerMessageHandler [org.springframework.messaging.simp.broker.DefaultSubscriptionRegistry@f287a4e]]
22:36:01.587 INFO  o.s.m.s.b.SimpleBrokerMessageHandler - Started.
22:36:01.596 INFO  com.sparta.mulmul.MulmulApplication - Started MulmulApplication in 12.192 seconds (JVM running for 14.675)
22:37:00.824 INFO  o.s.w.s.c.WebSocketMessageBrokerStats - WebSocketSession[0 current WS(0)-HttpStream(0)-HttpPoll(0), 0 total, 0 closed abnormally (0 connect failure, 0 send limit, 0 transport error)], stompSubProtocol[processed CONNECT(0)-CONNECTED(0)-DISCONNECT(0)], stompBrokerRelay[null], inboundChannel[pool size = 0, active threads = 0, queued tasks = 0, completed tasks = 0], outboundChannel[pool size = 0, active threads = 0, queued tasks = 0, completed tasks = 0], sockJsScheduler[pool size = 1, active threads = 1, queued tasks = 0, completed tasks = 0]
22:38:09.505 INFO  o.a.c.c.C.[Tomcat].[localhost].[/] - Initializing Spring DispatcherServlet 'dispatcherServlet'
22:38:09.506 INFO  o.s.web.servlet.DispatcherServlet - Initializing Servlet 'dispatcherServlet'
22:38:09.507 INFO  o.s.web.servlet.DispatcherServlet - Completed initialization in 1 ms
22:38:09.609 WARN  o.s.w.s.m.s.DefaultHandlerExceptionResolver - Resolved [org.springframework.web.HttpRequestMethodNotSupportedException: Request method 'GET' not supported]
22:41:48.017 INFO  o.s.m.s.b.SimpleBrokerMessageHandler - Stopping...
22:41:48.017 INFO  o.s.m.s.b.SimpleBrokerMessageHandler - BrokerAvailabilityEvent[available=false, SimpleBrokerMessageHandler [org.springframework.messaging.simp.broker.DefaultSubscriptionRegistry@f287a4e]]
22:41:48.017 INFO  o.s.m.s.b.SimpleBrokerMessageHandler - Stopped.
22:41:48.202 INFO  o.s.o.j.LocalContainerEntityManagerFactoryBean - Closing JPA EntityManagerFactory for persistence unit 'default'
22:41:48.204 INFO  com.zaxxer.hikari.HikariDataSource - HikariPool-1 - Shutdown initiated...
22:41:48.212 INFO  com.zaxxer.hikari.HikariDataSource - HikariPool-1 - Shutdown completed.
22:42:09.380 INFO  com.sparta.mulmul.MulmulApplication - Starting MulmulApplication using Java 1.8.0_322 on DESKTOP-5C6TMC3 with PID 91096 (C:\Users\korea\OneDrive\바탕 화면\moolmool_BE\build\classes\java\main started by korea in C:\Users\korea\OneDrive\바탕 화면\moolmool_BE)
22:42:09.384 INFO  com.sparta.mulmul.MulmulApplication - No active profile set, falling back to 1 default profile: "default"
22:42:11.011 INFO  o.s.d.r.c.RepositoryConfigurationDelegate - Bootstrapping Spring Data JPA repositories in DEFAULT mode.
22:42:11.454 INFO  o.s.d.r.c.RepositoryConfigurationDelegate - Finished Spring Data repository scanning in 431 ms. Found 13 JPA repository interfaces.
22:42:11.751 WARN  com.amazonaws.util.EC2MetadataUtils - Unable to retrieve the requested metadata (/latest/meta-data/instance-id). EC2 Instance Metadata Service is disabled
com.amazonaws.AmazonClientException: EC2 Instance Metadata Service is disabled
	at com.amazonaws.internal.InstanceMetadataServiceResourceFetcher.readResource(InstanceMetadataServiceResourceFetcher.java:65)
	at com.amazonaws.internal.EC2ResourceFetcher.readResource(EC2ResourceFetcher.java:66)
	at com.amazonaws.util.EC2MetadataUtils.getItems(EC2MetadataUtils.java:402)
	at com.amazonaws.util.EC2MetadataUtils.getData(EC2MetadataUtils.java:371)
	at org.springframework.cloud.aws.context.support.env.AwsCloudEnvironmentCheckUtils.isRunningOnCloudEnvironment(AwsCloudEnvironmentCheckUtils.java:38)
	at org.springframework.cloud.aws.context.annotation.OnAwsCloudEnvironmentCondition.matches(OnAwsCloudEnvironmentCondition.java:38)
	at org.springframework.context.annotation.ConditionEvaluator.shouldSkip(ConditionEvaluator.java:108)
	at org.springframework.context.annotation.ConfigurationClassBeanDefinitionReader$TrackedConditionEvaluator.shouldSkip(ConfigurationClassBeanDefinitionReader.java:489)
	at org.springframework.context.annotation.ConfigurationClassBeanDefinitionReader.loadBeanDefinitionsForConfigurationClass(ConfigurationClassBeanDefinitionReader.java:140)
	at org.springframework.context.annotation.ConfigurationClassBeanDefinitionReader.loadBeanDefinitions(ConfigurationClassBeanDefinitionReader.java:129)
	at org.springframework.context.annotation.ConfigurationClassPostProcessor.processConfigBeanDefinitions(ConfigurationClassPostProcessor.java:343)
	at org.springframework.context.annotation.ConfigurationClassPostProcessor.postProcessBeanDefinitionRegistry(ConfigurationClassPostProcessor.java:247)
	at org.springframework.context.support.PostProcessorRegistrationDelegate.invokeBeanDefinitionRegistryPostProcessors(PostProcessorRegistrationDelegate.java:311)
	at org.springframework.context.support.PostProcessorRegistrationDelegate.invokeBeanFactoryPostProcessors(PostProcessorRegistrationDelegate.java:112)
	at org.springframework.context.support.AbstractApplicationContext.invokeBeanFactoryPostProcessors(AbstractApplicationContext.java:746)
	at org.springframework.context.support.AbstractApplicationContext.refresh(AbstractApplicationContext.java:564)
	at org.springframework.boot.web.servlet.context.ServletWebServerApplicationContext.refresh(ServletWebServerApplicationContext.java:145)
	at org.springframework.boot.SpringApplication.refresh(SpringApplication.java:740)
	at org.springframework.boot.SpringApplication.refreshContext(SpringApplication.java:415)
	at org.springframework.boot.SpringApplication.run(SpringApplication.java:303)
	at org.springframework.boot.builder.SpringApplicationBuilder.run(SpringApplicationBuilder.java:164)
	at com.sparta.mulmul.MulmulApplication.main(MulmulApplication.java:33)
22:42:12.163 INFO  o.s.c.s.PostProcessorRegistrationDelegate$BeanPostProcessorChecker - Bean '(inner bean)#1023150a' of type [com.amazonaws.auth.BasicAWSCredentials] is not eligible for getting processed by all BeanPostProcessors (for example: not eligible for auto-proxying)
22:42:12.164 INFO  o.s.c.s.PostProcessorRegistrationDelegate$BeanPostProcessorChecker - Bean '(inner bean)#56ac5c80' of type [com.amazonaws.auth.AWSStaticCredentialsProvider] is not eligible for getting processed by all BeanPostProcessors (for example: not eligible for auto-proxying)
22:42:12.179 INFO  o.s.c.s.PostProcessorRegistrationDelegate$BeanPostProcessorChecker - Bean '(inner bean)#15f2eda3' of type [com.amazonaws.auth.profile.ProfileCredentialsProvider] is not eligible for getting processed by all BeanPostProcessors (for example: not eligible for auto-proxying)
22:42:12.182 INFO  o.s.c.s.PostProcessorRegistrationDelegate$BeanPostProcessorChecker - Bean 'credentialsProvider' of type [org.springframework.cloud.aws.core.credentials.CredentialsProviderFactoryBean] is not eligible for getting processed by all BeanPostProcessors (for example: not eligible for auto-proxying)
22:42:12.182 INFO  o.s.c.s.PostProcessorRegistrationDelegate$BeanPostProcessorChecker - Bean 'credentialsProvider' of type [com.amazonaws.auth.AWSCredentialsProviderChain] is not eligible for getting processed by all BeanPostProcessors (for example: not eligible for auto-proxying)
22:42:12.835 INFO  o.s.b.w.e.tomcat.TomcatWebServer - Tomcat initialized with port(s): 8080 (http)
22:42:12.858 INFO  o.a.coyote.http11.Http11NioProtocol - Initializing ProtocolHandler ["http-nio-8080"]
22:42:12.859 INFO  o.a.catalina.core.StandardService - Starting service [Tomcat]
22:42:12.859 INFO  o.a.catalina.core.StandardEngine - Starting Servlet engine: [Apache Tomcat/9.0.62]
22:42:13.060 INFO  o.a.c.c.C.[Tomcat].[localhost].[/] - Initializing Spring embedded WebApplicationContext
22:42:13.060 INFO  o.s.b.w.s.c.ServletWebServerApplicationContext - Root WebApplicationContext: initialization completed in 3594 ms
22:42:13.267 WARN  o.s.b.a.o.j.JpaBaseConfiguration$JpaWebConfiguration - spring.jpa.open-in-view is enabled by default. Therefore, database queries may be performed during view rendering. Explicitly configure spring.jpa.open-in-view to disable this warning
22:42:13.595 INFO  o.h.jpa.internal.util.LogHelper - HHH000204: Processing PersistenceUnitInfo [name: default]
22:42:13.738 INFO  org.hibernate.Version - HHH000412: Hibernate ORM core version 5.6.8.Final
22:42:14.049 INFO  o.h.annotations.common.Version - HCANN000001: Hibernate Commons Annotations {5.1.2.Final}
22:42:14.290 INFO  com.zaxxer.hikari.HikariDataSource - HikariPool-1 - Starting...
22:42:14.788 INFO  com.zaxxer.hikari.HikariDataSource - HikariPool-1 - Start completed.
22:42:14.833 INFO  org.hibernate.dialect.Dialect - HHH000400: Using dialect: org.hibernate.dialect.MySQL8Dialect
22:42:16.738 INFO  o.h.e.t.j.p.i.JtaPlatformInitiator - HHH000490: Using JtaPlatform implementation: [org.hibernate.engine.transaction.jta.platform.internal.NoJtaPlatform]
22:42:16.759 INFO  o.s.o.j.LocalContainerEntityManagerFactoryBean - Initialized JPA EntityManagerFactory for persistence unit 'default'
22:42:19.810 WARN  o.s.s.c.a.web.builders.WebSecurity - You are asking Spring Security to ignore Ant [pattern='/h2-console/**']. This is not recommended -- please use permitAll via HttpSecurity#authorizeHttpRequests instead.
22:42:19.811 INFO  o.s.s.web.DefaultSecurityFilterChain - Will not secure Ant [pattern='/h2-console/**']
22:42:19.851 INFO  o.s.s.web.DefaultSecurityFilterChain - Will secure any request with [org.springframework.security.web.context.request.async.WebAsyncManagerIntegrationFilter@77f529a6, org.springframework.security.web.context.SecurityContextPersistenceFilter@5305f936, org.springframework.security.web.header.HeaderWriterFilter@79424f25, org.springframework.web.filter.CorsFilter@7d47b021, org.springframework.security.web.authentication.logout.LogoutFilter@58e5fbe5, com.sparta.mulmul.security.filter.RestLoginFilter@3ea84e01, com.sparta.mulmul.security.filter.JwtAuthFilter@6516181f, org.springframework.security.web.savedrequest.RequestCacheAwareFilter@7d90764a, org.springframework.security.web.servletapi.SecurityContextHolderAwareRequestFilter@69944a90, org.springframework.security.web.authentication.AnonymousAuthenticationFilter@40cb95c1, org.springframework.security.web.session.SessionManagementFilter@59b1edab, org.springframework.security.web.access.ExceptionTranslationFilter@6942ee48, org.springframework.security.web.access.intercept.FilterSecurityInterceptor@78a165db]
22:42:20.709 INFO  o.a.coyote.http11.Http11NioProtocol - Starting ProtocolHandler ["http-nio-8080"]
22:42:20.747 INFO  o.s.b.w.e.tomcat.TomcatWebServer - Tomcat started on port(s): 8080 (http) with context path ''
22:42:20.750 INFO  o.s.m.s.b.SimpleBrokerMessageHandler - Starting...
22:42:20.750 INFO  o.s.m.s.b.SimpleBrokerMessageHandler - BrokerAvailabilityEvent[available=true, SimpleBrokerMessageHandler [org.springframework.messaging.simp.broker.DefaultSubscriptionRegistry@182fd26b]]
22:42:20.751 INFO  o.s.m.s.b.SimpleBrokerMessageHandler - Started.
22:42:20.760 INFO  com.sparta.mulmul.MulmulApplication - Started MulmulApplication in 12.117 seconds (JVM running for 13.618)
22:42:39.361 INFO  o.a.c.c.C.[Tomcat].[localhost].[/] - Initializing Spring DispatcherServlet 'dispatcherServlet'
22:42:39.362 INFO  o.s.web.servlet.DispatcherServlet - Initializing Servlet 'dispatcherServlet'
22:42:39.363 INFO  o.s.web.servlet.DispatcherServlet - Completed initialization in 1 ms
22:43:19.982 INFO  o.s.w.s.c.WebSocketMessageBrokerStats - WebSocketSession[0 current WS(0)-HttpStream(0)-HttpPoll(0), 0 total, 0 closed abnormally (0 connect failure, 0 send limit, 0 transport error)], stompSubProtocol[processed CONNECT(0)-CONNECTED(0)-DISCONNECT(0)], stompBrokerRelay[null], inboundChannel[pool size = 0, active threads = 0, queued tasks = 0, completed tasks = 0], outboundChannel[pool size = 0, active threads = 0, queued tasks = 0, completed tasks = 0], sockJsScheduler[pool size = 1, active threads = 1, queued tasks = 0, completed tasks = 0]
22:46:13.829 INFO  o.s.m.s.b.SimpleBrokerMessageHandler - Stopping...
22:46:13.829 INFO  o.s.m.s.b.SimpleBrokerMessageHandler - BrokerAvailabilityEvent[available=false, SimpleBrokerMessageHandler [org.springframework.messaging.simp.broker.DefaultSubscriptionRegistry@182fd26b]]
22:46:13.830 INFO  o.s.m.s.b.SimpleBrokerMessageHandler - Stopped.
22:46:14.011 INFO  o.s.o.j.LocalContainerEntityManagerFactoryBean - Closing JPA EntityManagerFactory for persistence unit 'default'
22:46:14.013 INFO  com.zaxxer.hikari.HikariDataSource - HikariPool-1 - Shutdown initiated...
22:46:14.021 INFO  com.zaxxer.hikari.HikariDataSource - HikariPool-1 - Shutdown completed.
